2025-07-10T08:16:00+00:00 DEBUG tt4b_product_delete: missing access token for tt4b_product_sync
2025-07-10T08:16:00+00:00 DEBUG tt4b_product_delete: missing access token for tt4b_product_sync
2025-07-10T08:16:02+00:00 DEBUG tt4b_product_delete: missing access token for tt4b_product_sync
2025-07-10T08:16:02+00:00 DEBUG tt4b_product_delete: missing access token for tt4b_product_sync
2025-07-10T08:16:03+00:00 DEBUG tt4b_product_delete: missing access token for tt4b_product_sync
2025-07-10T08:16:03+00:00 DEBUG tt4b_product_delete: missing access token for tt4b_product_sync
2025-07-10T08:16:04+00:00 DEBUG tt4b_product_delete: missing access token for tt4b_product_sync
2025-07-10T08:16:04+00:00 DEBUG tt4b_product_delete: missing access token for tt4b_product_sync
2025-07-10T08:16:06+00:00 DEBUG tt4b_product_delete: missing access token for tt4b_product_sync
2025-07-10T08:16:06+00:00 DEBUG tt4b_product_delete: missing access token for tt4b_product_sync
2025-07-10T08:16:07+00:00 DEBUG tt4b_product_delete: missing access token for tt4b_product_sync
2025-07-10T08:16:07+00:00 DEBUG tt4b_product_delete: missing access token for tt4b_product_sync
2025-07-10T08:16:08+00:00 DEBUG tt4b_product_delete: missing access token for tt4b_product_sync
2025-07-10T08:16:08+00:00 DEBUG tt4b_product_delete: missing access token for tt4b_product_sync
2025-07-10T08:16:10+00:00 DEBUG tt4b_product_delete: missing access token for tt4b_product_sync
2025-07-10T08:16:10+00:00 DEBUG tt4b_product_delete: missing access token for tt4b_product_sync
2025-07-10T08:16:11+00:00 DEBUG tt4b_product_delete: missing access token for tt4b_product_sync
2025-07-10T08:16:11+00:00 DEBUG tt4b_product_delete: missing access token for tt4b_product_sync
2025-07-10T08:16:12+00:00 DEBUG tt4b_product_delete: missing access token for tt4b_product_sync
2025-07-10T08:16:12+00:00 DEBUG tt4b_product_delete: missing access token for tt4b_product_sync
2025-07-10T08:16:14+00:00 DEBUG tt4b_product_delete: missing access token for tt4b_product_sync
2025-07-10T08:16:14+00:00 DEBUG tt4b_product_delete: missing access token for tt4b_product_sync
2025-07-10T08:16:15+00:00 DEBUG tt4b_product_delete: missing access token for tt4b_product_sync
2025-07-10T08:16:15+00:00 DEBUG tt4b_product_delete: missing access token for tt4b_product_sync
2025-07-10T08:16:16+00:00 DEBUG tt4b_product_delete: missing access token for tt4b_product_sync
2025-07-10T08:16:16+00:00 DEBUG tt4b_product_delete: missing access token for tt4b_product_sync
2025-07-10T08:16:18+00:00 DEBUG tt4b_product_delete: missing access token for tt4b_product_sync
2025-07-10T08:16:18+00:00 DEBUG tt4b_product_delete: missing access token for tt4b_product_sync
2025-07-10T08:16:19+00:00 DEBUG tt4b_product_delete: missing access token for tt4b_product_sync
2025-07-10T08:16:19+00:00 DEBUG tt4b_product_delete: missing access token for tt4b_product_sync
2025-07-10T08:16:20+00:00 DEBUG tt4b_product_delete: missing access token for tt4b_product_sync
2025-07-10T08:16:20+00:00 DEBUG tt4b_product_delete: missing access token for tt4b_product_sync
2025-07-10T08:16:22+00:00 DEBUG tt4b_product_delete: missing access token for tt4b_product_sync
2025-07-10T08:16:22+00:00 DEBUG tt4b_product_delete: missing access token for tt4b_product_sync
2025-07-10T08:16:23+00:00 DEBUG tt4b_product_delete: missing access token for tt4b_product_sync
2025-07-10T08:16:23+00:00 DEBUG tt4b_product_delete: missing access token for tt4b_product_sync
2025-07-10T08:16:25+00:00 DEBUG tt4b_product_delete: missing access token for tt4b_product_sync
2025-07-10T08:16:25+00:00 DEBUG tt4b_product_delete: missing access token for tt4b_product_sync
2025-07-10T08:16:27+00:00 DEBUG tt4b_product_delete: missing access token for tt4b_product_sync
2025-07-10T08:16:27+00:00 DEBUG tt4b_product_delete: missing access token for tt4b_product_sync
2025-07-10T09:18:53+00:00 DEBUG POST: https://business-api.tiktok.com/tbp/v2.0/business_profile/disconnect?external_data=

{"business_platform":"WOO_COMMERCE","external_business_id":"tt4b_woocommerce_686b4973ecb9c"}
 ajax: no
2025-07-10T09:18:53+00:00 DEBUG Tt4b_Mapi_Class::tbp_post: Response: 

HTTP/1.1 200 OK
Content-Type: application/json; charset=utf-8
Content-Length: 95
X-Api-Deprecation-Info: API for Business Version 1.3 is now live. To avoid disruption to your business, we recommend you migrate all calls to v1.3 as soon as possible. Please visit our migration guide for more details: https://ads.tiktok.com/marketing_api/docs?id=1740029169927169
X-Domain-Change-Info: We have moved to the new domain business-api.tiktok.com for API services after the Platform Upgrade on 09/30/2021. Please update all of your requests with the new domain if you haven't done so already. For more information, please visit https://ads.tiktok.com/marketing_api/docs?rid=esb88xalm6m&id=1709207085043713
X-Tt-Logid: 20250710091851F72BFBEAC4FD6A1062C0
Server-Timing: inner; dur=11
x-tt-trace-host: 01867bee1f7d710012fedca9be461736cff6334c87c1847b22bf0d27dcda674e82a86bb3c89795d93675fffbcff345c36878eb8d0d65617987526ed19291f55cd9adfdc8cca04ae1ad33d4140db8dba3a209ec0ba149f81ca57653fe7002ffea6d
x-tt-trace-id: 00-250710091851F72BFBEAC4FD6A1062C0-74A954BC09C88F97-00
Server: TLB
Expires: Thu, 10 Jul 2025 09:18:52 GMT
Cache-Control: max-age=0, no-cache, no-store
Pragma: no-cache
Date: Thu, 10 Jul 2025 09:18:52 GMT
X-Cache: TCP_MISS from a23-206-202-40.deploy.akamaitechnologies.com (AkamaiGHost/22.1.5-3117971c8e766d2067e9a32e654e7386) (-)
Connection: close
x-tt-trace-tag: id=16;cdn-cache=miss;type=dyn
Server-Timing: cdn-cache; desc=MISS, edge; dur=4, origin; dur=114
X-Origin-Response-Time: 114,23.206.202.40
X-Akamai-Request-ID: 7c218325

{"code":40001,"message":"Permission denied.","request_id":"20250710091851F72BFBEAC4FD6A1062C0"}
2025-07-10T09:18:53+00:00 DEBUG POST: https://business-api.tiktok.com/tbp/v2.0/shop/connection/disconnect?external_data=

--- EMPTY STRING ---
 ajax: no
2025-07-10T09:18:53+00:00 DEBUG Tt4b_Mapi_Class::tts_shop_disconnect: Response: 

HTTP/1.1 200 OK
Content-Type: application/json; charset=utf-8
Content-Length: 95
X-Api-Deprecation-Info: API for Business Version 1.3 is now live. To avoid disruption to your business, we recommend you migrate all calls to v1.3 as soon as possible. Please visit our migration guide for more details: https://ads.tiktok.com/marketing_api/docs?id=1740029169927169
X-Domain-Change-Info: We have moved to the new domain business-api.tiktok.com for API services after the Platform Upgrade on 09/30/2021. Please update all of your requests with the new domain if you haven't done so already. For more information, please visit https://ads.tiktok.com/marketing_api/docs?rid=esb88xalm6m&id=1709207085043713
X-Tt-Logid: 202507100918513B100645F3BC1009B8BB
Server-Timing: inner; dur=11
x-tt-trace-host: 01867bee1f7d710012fedca9be461736cf52254cd345f372cc80b4852f0cdd9e86034011bd77284b5eb6d2c229cf34bc55a5ea63bf080873f621e9e9187543d3a17a0a03bb9fce72143aa0b97ec0cb61f2523325ab7c686e17e0aa1327ffb7604d
x-tt-trace-id: 00-2507100918513B100645F3BC1009B8BB-20898A295CB9B84E-00
Server: TLB
Expires: Thu, 10 Jul 2025 09:18:52 GMT
Cache-Control: max-age=0, no-cache, no-store
Pragma: no-cache
Date: Thu, 10 Jul 2025 09:18:52 GMT
X-Cache: TCP_MISS from a23-206-202-42.deploy.akamaitechnologies.com (AkamaiGHost/22.1.5-3117971c8e766d2067e9a32e654e7386) (-)
Connection: close
x-tt-trace-tag: id=16;cdn-cache=miss;type=dyn
Server-Timing: cdn-cache; desc=MISS, edge; dur=2, origin; dur=50
X-Origin-Response-Time: 50,23.206.202.42
X-Akamai-Request-ID: 709cc139

{"code":40001,"message":"Permission denied.","request_id":"202507100918513B100645F3BC1009B8BB"}
