2025-07-07T04:13:55+00:00 DEBUG #3373 - [New Request] POST /index.php
2025-07-07T04:13:55+00:00 DEBUG #3373 - GET https://api.woocommerce.com/integrations/ppc/v1/notifications/webhooks
Response: Array
(
    [code] => 404
    [message] => Not Found
)

Response Body: {"statusCode":404,"error":"Not Found","message":"Not Found"}
2025-07-07T04:13:55+00:00 ERROR #3373 - Failed to delete webhooks: [Error] Not Found
2025-07-07T04:13:55+00:00 INFO #3373 - Webhooks deleted.
2025-07-07T04:13:56+00:00 DEBUG #3373 - POST https://api.woocommerce.com/integrations/ppc/v1/notifications/webhooks
Request Body: {"url":"https:\/\/localhost:8000\/index.php?rest_route=\/paypal\/v1\/incoming","event_types":[{"name":"CHECKOUT.ORDER.APPROVED"},{"name":"CHECKOUT.ORDER.COMPLETED"},{"name":"CHECKOUT.PAYMENT-APPROVAL.REVERSED"},{"name":"PAYMENT.CAPTURE.REFUNDED"},{"name":"PAYMENT.AUTHORIZATION.VOIDED"},{"name":"PAYMENT.CAPTURE.REVERSED"},{"name":"PAYMENT.ORDER.CANCELLED"},{"name":"PAYMENT.CAPTURE.DENIED"},{"name":"PAYMENT.CAPTURE.COMPLETED"},{"name":"VAULT.PAYMENT-TOKEN.CREATED"},{"name":"VAULT.PAYMENT-TOKEN.DELETED"},{"name":"PAYMENT.CAPTURE.PENDING"},{"name":"PAYMENT.SALE.COMPLETED"},{"name":"PAYMENT.SALE.REFUNDED"},{"name":"BILLING.SUBSCRIPTION.CANCELLED"},{"name":"BILLING.PLAN.PRICING-CHANGE.ACTIVATED"},{"name":"CATALOG.PRODUCT.UPDATED"},{"name":"BILLING.PLAN.UPDATED"}]}
Response: Array
(
    [code] => 404
    [message] => Not Found
)

Response Body: {"statusCode":404,"error":"Not Found","message":"Not Found"}
2025-07-07T04:13:56+00:00 ERROR #3373 - Failed to subscribe webhooks: [Error] Not Found
2025-07-07T04:26:43+00:00 DEBUG #7944 - [New Request] GET /wp-admin/plugins.php
2025-07-07T04:26:43+00:00 DEBUG #7944 - GET https://api.woocommerce.com/integrations/ppc/v1/notifications/webhooks
Response: Array
(
    [code] => 404
    [message] => Not Found
)

Response Body: {"statusCode":404,"error":"Not Found","message":"Not Found"}
2025-07-07T04:26:43+00:00 ERROR #7944 - Failed to delete webhooks: [Error] Not Found
2025-07-07T04:26:43+00:00 INFO #7944 - Webhooks deleted.
